<?xml version="1.0" encoding="UTF-8"?>
<testsuite xmlns:xsi="http://www.w3.org/2001/XMLSchema-instance" xsi:noNamespaceSchemaLocation="https://maven.apache.org/surefire/maven-surefire-plugin/xsd/surefire-test-report.xsd" name="TestSuite" time="46.8" tests="1" errors="0" skipped="0" failures="1">
  <properties>
[...]
</properties>
  <testcase name="createContactusingcsvfile" classname="com.crm.testscripts.AdminTest2" time="30.099">
    <failure message="lists don&apos;t have the same size expected [8] but found [16]" type="java.lang.AssertionError">java.lang.AssertionError: lists don't have the same size expected [8] but found [16]
	at com.crm.testscripts.AdminTest2.createContactusingcsvfile(AdminTest2.java:44)
</failure>
    <system-out><![CDATA[Test Started......
[log] CLICK on L(40,194)@S(0)[0,0 1366x768] (547 msec)
[log] CLICK on L(1331,118)@S(0)[0,0 1366x768] (538 msec)
[log] CLICK on L(1258,196)@S(0)[0,0 1366x768] (536 msec)
[log] CLICK on L(274,296)@S(0)[0,0 1366x768] (532 msec)
[log] CLICK on L(230,388)@S(0)[0,0 1366x768] (534 msec)
[log] CLICK on L(613,289)@S(0)[0,0 1366x768] (522 msec)
[log] DOUBLE CLICK on L(218,287)@S(0)[0,0 1366x768] (545 msec)
[log] CLICK on L(230,506)@S(0)[0,0 1366x768] (617 msec)
[kevin, owens]
[kevin, owens]
user1@mail.com
9573013283
This is new city : Hyderabad
[Miyapur, Hyderabad, Telangana, 500049, India]
Hi team
[kevin, owens, user1@mail.com, 9573013283, Miyapur, Hyderabad, Telangana, 500049, India, Hi team]
SELECT * FROM `contact`
This is from DB[kevin, owens, Miyapur, Hyderabad, Telangana, India, 500049, Hi team, kevin, owens, Miyapur, Hyderabad, Telangana, India, 500049, Hi team]
[kevin, owens]
[kevin, owens]
This is new city : Hyderabad
[Miyapur, Hyderabad, Telangana, India, 500049]
Hi team
[kevin, owens, Miyapur, Hyderabad, Telangana, India, 500049, Hi team]
This is from UI : [kevin, owens, Miyapur, Hyderabad, Telangana, India, 500049, Hi team]
Test  'createContactusingcsvfile' Failed
Priority of the method is0
]]></system-out>
    <system-err><![CDATA[Starting ChromeDriver 2.36.540470 (e522d04694c7ebea4ba8821272dbef4f9b818c91) on port 38934
Only local connections are allowed.
Apr 05, 2018 11:15:25 PM org.openqa.selenium.remote.ProtocolHandshake createSession
INFO: Detected dialect: OSS
java.lang.NullPointerException
	at com.crm.utils.CommonUtils.takeScreenShot(CommonUtils.java:489)
	at com.crm.utils.BaseListener.onTestFailure(BaseListener.java:26)
	at org.testng.internal.TestListenerHelper.runTestListeners(TestListenerHelper.java:67)
	at org.testng.internal.Invoker.runTestListeners(Invoker.java:1388)
	at org.testng.internal.Invoker.invokeMethod(Invoker.java:633)
	at org.testng.internal.Invoker.invokeTestMethod(Invoker.java:716)
	at org.testng.internal.Invoker.invokeTestMethods(Invoker.java:988)
	at org.testng.internal.TestMethodWorker.invokeTestMethods(TestMethodWorker.java:125)
	at org.testng.internal.TestMethodWorker.run(TestMethodWorker.java:109)
	at org.testng.TestRunner.privateRun(TestRunner.java:648)
	at org.testng.TestRunner.run(TestRunner.java:505)
	at org.testng.SuiteRunner.runTest(SuiteRunner.java:455)
	at org.testng.SuiteRunner.runSequentially(SuiteRunner.java:450)
	at org.testng.SuiteRunner.privateRun(SuiteRunner.java:415)
	at org.testng.SuiteRunner.run(SuiteRunner.java:364)
	at org.testng.SuiteRunnerWorker.runSuite(SuiteRunnerWorker.java:52)
	at org.testng.SuiteRunnerWorker.run(SuiteRunnerWorker.java:84)
	at org.testng.TestNG.runSuitesSequentially(TestNG.java:1208)
	at org.testng.TestNG.runSuitesLocally(TestNG.java:1137)
	at org.testng.TestNG.runSuites(TestNG.java:1049)
	at org.testng.TestNG.run(TestNG.java:1017)
	at org.apache.maven.surefire.testng.TestNGExecutor.run(TestNGExecutor.java:283)
	at org.apache.maven.surefire.testng.TestNGXmlTestSuite.execute(TestNGXmlTestSuite.java:75)
	at org.apache.maven.surefire.testng.TestNGProvider.invoke(TestNGProvider.java:120)
	at org.apache.maven.surefire.booter.ForkedBooter.invokeProviderInSameClassLoader(ForkedBooter.java:379)
	at org.apache.maven.surefire.booter.ForkedBooter.runSuitesInProcess(ForkedBooter.java:340)
	at org.apache.maven.surefire.booter.ForkedBooter.execute(ForkedBooter.java:125)
	at org.apache.maven.surefire.booter.ForkedBooter.main(ForkedBooter.java:413)
]]></system-err>
  </testcase>
</testsuite>